app/build/intermediates/manifest_merge_blame_file/debug/processDebugMainManifest/manifest-merger-blame-debug-report.txt
1<?xml version="1.0" encoding="utf-8"?>
2<!--
3    Copyright (C) 2012-2020 Tobias Brunner
4    Copyright (C) 2012 Giuliano Grassi
5    Copyright (C) 2012 Ralf Sager
6
7    Copyright (C) secunet Security Networks AG
8
9    This program is free software; you can redistribute it and/or modify it
10    under the terms of the GNU General Public License as published by the
11    Free Software Foundation; either version 2 of the License, or (at your
12    option) any later version.  See <http://www.fsf.org/copyleft/gpl.txt>.
13
14    This program is distributed in the hope that it will be useful, but
15    WITHOUT ANY WARRANTY; without even the implied warranty of MERCHANTABILITY
16    or FITNESS FOR A PARTICULAR PURPOSE.  See the GNU General Public License
17    for more details.
18-->
19<manifest xmlns:android="http://schemas.android.com/apk/res/android"
20    package="org.strongswan.android"
21    android:versionCode="96"
22    android:versionName="2.6.2" >
23
24    <uses-sdk
25        android:minSdkVersion="21"
26        android:targetSdkVersion="36" />
27
28    <uses-permission android:name="android.permission.INTERNET" />
28-->src/main/AndroidManifest.xml:22:5-67
28-->src/main/AndroidManifest.xml:22:22-64
29    <uses-permission android:name="android.permission.ACCESS_NETWORK_STATE" />
29-->src/main/AndroidManifest.xml:23:5-79
29-->src/main/AndroidManifest.xml:23:22-76
30    <uses-permission android:name="android.permission.FOREGROUND_SERVICE" />
30-->src/main/AndroidManifest.xml:24:5-77
30-->src/main/AndroidManifest.xml:24:22-74
31    <uses-permission android:name="android.permission.FOREGROUND_SERVICE_SPECIAL_USE" />
31-->src/main/AndroidManifest.xml:25:5-89
31-->src/main/AndroidManifest.xml:25:22-86
32    <uses-permission android:name="android.permission.POST_NOTIFICATIONS" />
32-->src/main/AndroidManifest.xml:26:5-76
32-->src/main/AndroidManifest.xml:26:22-74
33    <uses-permission android:name="android.permission.READ_EXTERNAL_STORAGE" />
33-->src/main/AndroidManifest.xml:27:5-80
33-->src/main/AndroidManifest.xml:27:22-77
34    <uses-permission android:name="android.permission.REQUEST_IGNORE_BATTERY_OPTIMIZATIONS" />
34-->src/main/AndroidManifest.xml:28:5-95
34-->src/main/AndroidManifest.xml:28:22-92
35    <uses-permission android:name="android.permission.SYSTEM_ALERT_WINDOW" />
35-->src/main/AndroidManifest.xml:29:5-78
35-->src/main/AndroidManifest.xml:29:22-75
36    <!-- necessary to allow users to select ex-/included apps and EAP-TNC -->
37    <uses-permission android:name="android.permission.QUERY_ALL_PACKAGES" />
37-->src/main/AndroidManifest.xml:31:5-32:53
37-->src/main/AndroidManifest.xml:31:22-74
38
39    <permission
39-->[androidx.core:core:1.17.0] AndroidManifest.xml:22:5-24:47
40        android:name="org.strongswan.android.DYNAMIC_RECEIVER_NOT_EXPORTED_PERMISSION"
40-->[androidx.core:core:1.17.0] AndroidManifest.xml:23:9-81
41        android:protectionLevel="signature" />
41-->[androidx.core:core:1.17.0] AndroidManifest.xml:24:9-44
42
43    <uses-permission android:name="org.strongswan.android.DYNAMIC_RECEIVER_NOT_EXPORTED_PERMISSION" />
43-->[androidx.core:core:1.17.0] AndroidManifest.xml:26:5-97
43-->[androidx.core:core:1.17.0] AndroidManifest.xml:26:22-94
44
45    <application
45-->src/main/AndroidManifest.xml:34:5-211:19
46        android:name="org.strongswan.android.logic.StrongSwanApplication"
46-->src/main/AndroidManifest.xml:35:9-52
47        android:allowBackup="false"
47-->src/main/AndroidManifest.xml:42:9-36
48        android:appComponentFactory="androidx.core.app.CoreComponentFactory"
48-->[androidx.core:core:1.17.0] AndroidManifest.xml:28:18-86
49        android:debuggable="true"
50        android:enableOnBackInvokedCallback="true"
50-->src/main/AndroidManifest.xml:41:9-51
51        android:extractNativeLibs="true"
52        android:icon="@mipmap/ic_launcher"
52-->src/main/AndroidManifest.xml:36:9-43
53        android:label="@string/app_name"
53-->src/main/AndroidManifest.xml:37:9-41
54        android:networkSecurityConfig="@xml/network_security_config"
54-->src/main/AndroidManifest.xml:40:9-69
55        android:theme="@style/ApplicationTheme"
55-->src/main/AndroidManifest.xml:38:9-48
56        android:windowSoftInputMode="adjustResize" >
56-->src/main/AndroidManifest.xml:39:9-51
57        <activity
57-->src/main/AndroidManifest.xml:43:9-55:20
58            android:name="org.strongswan.android.ui.MainActivity"
58-->src/main/AndroidManifest.xml:44:13-44
59            android:exported="true"
59-->src/main/AndroidManifest.xml:47:13-36
60            android:label="@string/main_activity_name"
60-->src/main/AndroidManifest.xml:45:13-55
61            android:launchMode="singleTop" >
61-->src/main/AndroidManifest.xml:46:13-43
62            <intent-filter>
62-->src/main/AndroidManifest.xml:48:13-51:29
63                <action android:name="android.intent.action.MAIN" />
63-->src/main/AndroidManifest.xml:49:17-69
63-->src/main/AndroidManifest.xml:49:25-66
64
65                <category android:name="android.intent.category.LAUNCHER" />
65-->src/main/AndroidManifest.xml:50:17-77
65-->src/main/AndroidManifest.xml:50:27-74
66            </intent-filter>
67            <intent-filter>
67-->src/main/AndroidManifest.xml:52:13-54:29
68                <action android:name="android.service.quicksettings.action.QS_TILE_PREFERENCES" />
68-->src/main/AndroidManifest.xml:53:17-99
68-->src/main/AndroidManifest.xml:53:25-96
69            </intent-filter>
70        </activity>
71        <activity
71-->src/main/AndroidManifest.xml:56:9-71:20
72            android:name="org.strongswan.android.ui.VpnProfileControlActivity"
72-->src/main/AndroidManifest.xml:57:13-57
73            android:excludeFromRecents="true"
73-->src/main/AndroidManifest.xml:60:13-46
74            android:exported="true"
74-->src/main/AndroidManifest.xml:62:13-36
75            android:launchMode="singleTask"
75-->src/main/AndroidManifest.xml:61:13-44
76            android:taskAffinity=""
76-->src/main/AndroidManifest.xml:59:13-36
77            android:theme="@style/TransparentActivity" >
77-->src/main/AndroidManifest.xml:58:13-55
78            <intent-filter>
78-->src/main/AndroidManifest.xml:63:13-66:29
79                <action android:name="org.strongswan.android.action.START_PROFILE" />
79-->src/main/AndroidManifest.xml:64:17-86
79-->src/main/AndroidManifest.xml:64:25-83
80
81                <category android:name="android.intent.category.DEFAULT" />
81-->src/main/AndroidManifest.xml:65:17-76
81-->src/main/AndroidManifest.xml:65:27-73
82            </intent-filter>
83            <intent-filter>
83-->src/main/AndroidManifest.xml:67:13-70:29
84                <action android:name="org.strongswan.android.action.DISCONNECT" />
84-->src/main/AndroidManifest.xml:68:17-83
84-->src/main/AndroidManifest.xml:68:25-80
85
86                <category android:name="android.intent.category.DEFAULT" />
86-->src/main/AndroidManifest.xml:65:17-76
86-->src/main/AndroidManifest.xml:65:27-73
87            </intent-filter>
88        </activity>
89        <activity android:name="org.strongswan.android.ui.VpnProfileDetailActivity" >
89-->src/main/AndroidManifest.xml:72:9-74:20
89-->src/main/AndroidManifest.xml:73:13-56
90        </activity>
91        <activity
91-->src/main/AndroidManifest.xml:75:9-78:20
92            android:name="org.strongswan.android.ui.TrustedCertificatesActivity"
92-->src/main/AndroidManifest.xml:76:13-59
93            android:label="@string/trusted_certs_title" >
93-->src/main/AndroidManifest.xml:77:13-56
94        </activity>
95        <activity
95-->src/main/AndroidManifest.xml:79:9-82:20
96            android:name="org.strongswan.android.ui.SelectedApplicationsActivity"
96-->src/main/AndroidManifest.xml:80:13-60
97            android:label="@string/profile_select_apps" >
97-->src/main/AndroidManifest.xml:81:13-56
98        </activity>
99        <activity
99-->src/main/AndroidManifest.xml:83:9-86:20
100            android:name="org.strongswan.android.ui.LogActivity"
100-->src/main/AndroidManifest.xml:84:13-43
101            android:label="@string/log_title" >
101-->src/main/AndroidManifest.xml:85:13-46
102        </activity>
103        <activity
103-->src/main/AndroidManifest.xml:87:3-90:20
104            android:name="org.strongswan.android.ui.SettingsActivity"
104-->src/main/AndroidManifest.xml:88:13-48
105            android:label="@string/pref_title" >
105-->src/main/AndroidManifest.xml:89:13-47
106        </activity>
107        <activity
107-->src/main/AndroidManifest.xml:91:9-94:20
108            android:name="org.strongswan.android.ui.RemediationInstructionsActivity"
108-->src/main/AndroidManifest.xml:92:13-63
109            android:label="@string/remediation_instructions_title" >
109-->src/main/AndroidManifest.xml:93:13-67
110        </activity>
111        <activity
111-->src/main/AndroidManifest.xml:95:9-104:20
112            android:name="org.strongswan.android.ui.VpnProfileSelectActivity"
112-->src/main/AndroidManifest.xml:96:13-56
113            android:exported="true"
113-->src/main/AndroidManifest.xml:99:13-36
114            android:icon="@mipmap/ic_shortcut"
114-->src/main/AndroidManifest.xml:98:13-47
115            android:label="@string/strongswan_shortcut" >
115-->src/main/AndroidManifest.xml:97:13-56
116            <intent-filter>
116-->src/main/AndroidManifest.xml:100:13-103:29
117                <action android:name="android.intent.action.CREATE_SHORTCUT" />
117-->src/main/AndroidManifest.xml:101:17-80
117-->src/main/AndroidManifest.xml:101:25-77
118
119                <category android:name="android.intent.category.DEFAULT" />
119-->src/main/AndroidManifest.xml:65:17-76
119-->src/main/AndroidManifest.xml:65:27-73
120            </intent-filter>
121        </activity>
122        <activity
122-->src/main/AndroidManifest.xml:105:9-152:20
123            android:name="org.strongswan.android.ui.VpnProfileImportActivity"
123-->src/main/AndroidManifest.xml:106:13-56
124            android:excludeFromRecents="true"
124-->src/main/AndroidManifest.xml:109:13-46
125            android:exported="true"
125-->src/main/AndroidManifest.xml:110:13-36
126            android:label="@string/profile_import"
126-->src/main/AndroidManifest.xml:107:13-51
127            android:taskAffinity="" >
127-->src/main/AndroidManifest.xml:108:13-36
128            <intent-filter>
128-->src/main/AndroidManifest.xml:111:13-120:29
129                <action android:name="android.intent.action.VIEW" />
129-->src/main/AndroidManifest.xml:112:17-69
129-->src/main/AndroidManifest.xml:112:25-66
130
131                <category android:name="android.intent.category.DEFAULT" />
131-->src/main/AndroidManifest.xml:65:17-76
131-->src/main/AndroidManifest.xml:65:27-73
132                <category android:name="android.intent.category.BROWSABLE" />
132-->src/main/AndroidManifest.xml:114:17-78
132-->src/main/AndroidManifest.xml:114:27-75
133
134                <data android:scheme="http" />
134-->src/main/AndroidManifest.xml:115:17-47
134-->src/main/AndroidManifest.xml:115:23-44
135                <data android:scheme="https" />
135-->src/main/AndroidManifest.xml:115:17-47
135-->src/main/AndroidManifest.xml:115:23-44
136                <data android:scheme="file" />
136-->src/main/AndroidManifest.xml:115:17-47
136-->src/main/AndroidManifest.xml:115:23-44
137                <data android:scheme="content" />
137-->src/main/AndroidManifest.xml:115:17-47
137-->src/main/AndroidManifest.xml:115:23-44
138                <data android:mimeType="application/vnd.strongswan.profile" />
138-->src/main/AndroidManifest.xml:115:17-47
138-->src/main/AndroidManifest.xml:119:23-76
139            </intent-filter>
140            <!-- this matches by file extension if no MIME type is provided -->
141            <intent-filter>
141-->src/main/AndroidManifest.xml:122:13-135:29
142                <action android:name="android.intent.action.VIEW" />
142-->src/main/AndroidManifest.xml:112:17-69
142-->src/main/AndroidManifest.xml:112:25-66
143
144                <category android:name="android.intent.category.DEFAULT" />
144-->src/main/AndroidManifest.xml:65:17-76
144-->src/main/AndroidManifest.xml:65:27-73
145                <category android:name="android.intent.category.BROWSABLE" />
145-->src/main/AndroidManifest.xml:114:17-78
145-->src/main/AndroidManifest.xml:114:27-75
146
147                <data android:scheme="http" />
147-->src/main/AndroidManifest.xml:115:17-47
147-->src/main/AndroidManifest.xml:115:23-44
148                <data android:scheme="https" />
148-->src/main/AndroidManifest.xml:115:17-47
148-->src/main/AndroidManifest.xml:115:23-44
149                <data android:scheme="file" />
149-->src/main/AndroidManifest.xml:115:17-47
149-->src/main/AndroidManifest.xml:115:23-44
150                <data android:scheme="content" />
150-->src/main/AndroidManifest.xml:115:17-47
150-->src/main/AndroidManifest.xml:115:23-44
151                <data android:host="*" />
151-->src/main/AndroidManifest.xml:115:17-47
151-->src/main/AndroidManifest.xml:130:23-39
152                <data android:pathPattern=".*\\..*\\..*\\..*\\.sswan" />
152-->src/main/AndroidManifest.xml:115:17-47
152-->src/main/AndroidManifest.xml:131:23-70
153                <data android:pathPattern=".*\\..*\\..*\\.sswan" />
153-->src/main/AndroidManifest.xml:115:17-47
153-->src/main/AndroidManifest.xml:131:23-70
154                <data android:pathPattern=".*\\..*\\.sswan" />
154-->src/main/AndroidManifest.xml:115:17-47
154-->src/main/AndroidManifest.xml:131:23-70
155                <data android:pathPattern=".*\\.sswan" />
155-->src/main/AndroidManifest.xml:115:17-47
155-->src/main/AndroidManifest.xml:131:23-70
156            </intent-filter>
157            <!-- this matches by file extension if any MIME type (but not ours) is provided -->
158            <intent-filter>
158-->src/main/AndroidManifest.xml:137:13-151:29
159                <action android:name="android.intent.action.VIEW" />
159-->src/main/AndroidManifest.xml:112:17-69
159-->src/main/AndroidManifest.xml:112:25-66
160
161                <category android:name="android.intent.category.DEFAULT" />
161-->src/main/AndroidManifest.xml:65:17-76
161-->src/main/AndroidManifest.xml:65:27-73
162                <category android:name="android.intent.category.BROWSABLE" />
162-->src/main/AndroidManifest.xml:114:17-78
162-->src/main/AndroidManifest.xml:114:27-75
163
164                <data android:scheme="http" />
164-->src/main/AndroidManifest.xml:115:17-47
164-->src/main/AndroidManifest.xml:115:23-44
165                <data android:scheme="https" />
165-->src/main/AndroidManifest.xml:115:17-47
165-->src/main/AndroidManifest.xml:115:23-44
166                <data android:scheme="file" />
166-->src/main/AndroidManifest.xml:115:17-47
166-->src/main/AndroidManifest.xml:115:23-44
167                <data android:scheme="content" />
167-->src/main/AndroidManifest.xml:115:17-47
167-->src/main/AndroidManifest.xml:115:23-44
168                <data android:host="*" />
168-->src/main/AndroidManifest.xml:115:17-47
168-->src/main/AndroidManifest.xml:130:23-39
169                <data android:mimeType="*/*" />
169-->src/main/AndroidManifest.xml:115:17-47
169-->src/main/AndroidManifest.xml:119:23-76
170                <data android:pathPattern=".*\\..*\\..*\\..*\\.sswan" />
170-->src/main/AndroidManifest.xml:115:17-47
170-->src/main/AndroidManifest.xml:131:23-70
171                <data android:pathPattern=".*\\..*\\..*\\.sswan" />
171-->src/main/AndroidManifest.xml:115:17-47
171-->src/main/AndroidManifest.xml:131:23-70
172                <data android:pathPattern=".*\\..*\\.sswan" />
172-->src/main/AndroidManifest.xml:115:17-47
172-->src/main/AndroidManifest.xml:131:23-70
173                <data android:pathPattern=".*\\.sswan" />
173-->src/main/AndroidManifest.xml:115:17-47
173-->src/main/AndroidManifest.xml:131:23-70
174            </intent-filter>
175        </activity>
176        <activity
176-->src/main/AndroidManifest.xml:153:9-166:20
177            android:name="org.strongswan.android.ui.TrustedCertificateImportActivity"
177-->src/main/AndroidManifest.xml:154:13-64
178            android:exported="true"
178-->src/main/AndroidManifest.xml:157:13-36
179            android:label="@string/import_certificate"
179-->src/main/AndroidManifest.xml:155:13-55
180            android:theme="@style/TransparentActivity" >
180-->src/main/AndroidManifest.xml:156:13-55
181            <intent-filter>
181-->src/main/AndroidManifest.xml:158:13-165:29
182                <action android:name="android.intent.action.VIEW" />
182-->src/main/AndroidManifest.xml:112:17-69
182-->src/main/AndroidManifest.xml:112:25-66
183
184                <category android:name="android.intent.category.DEFAULT" />
184-->src/main/AndroidManifest.xml:65:17-76
184-->src/main/AndroidManifest.xml:65:27-73
185
186                <data android:mimeType="application/x-x509-ca-cert" />
186-->src/main/AndroidManifest.xml:115:17-47
186-->src/main/AndroidManifest.xml:119:23-76
187                <data android:mimeType="application/x-x509-server-cert" />
187-->src/main/AndroidManifest.xml:115:17-47
187-->src/main/AndroidManifest.xml:119:23-76
188                <data android:mimeType="application/x-pem-file" />
188-->src/main/AndroidManifest.xml:115:17-47
188-->src/main/AndroidManifest.xml:119:23-76
189                <data android:mimeType="application/pkix-cert" />
189-->src/main/AndroidManifest.xml:115:17-47
189-->src/main/AndroidManifest.xml:119:23-76
190            </intent-filter>
191        </activity>
192
193        <!--
194            Managed configuration, called app restrictions for historical reasons
195            https://developer.android.com/work/managed-configurations
196        -->
197        <meta-data
197-->src/main/AndroidManifest.xml:172:9-174:61
198            android:name="android.content.APP_RESTRICTIONS"
198-->src/main/AndroidManifest.xml:173:13-60
199            android:resource="@xml/managed_configuration" />
199-->src/main/AndroidManifest.xml:174:13-58
200
201        <service
201-->src/main/AndroidManifest.xml:176:9-179:19
202            android:name="org.strongswan.android.logic.VpnStateService"
202-->src/main/AndroidManifest.xml:177:13-50
203            android:exported="false" >
203-->src/main/AndroidManifest.xml:178:13-37
204        </service>
205        <service
205-->src/main/AndroidManifest.xml:180:9-191:19
206            android:name="org.strongswan.android.logic.CharonVpnService"
206-->src/main/AndroidManifest.xml:181:13-51
207            android:exported="false"
207-->src/main/AndroidManifest.xml:182:13-37
208            android:foregroundServiceType="specialUse"
208-->src/main/AndroidManifest.xml:183:13-55
209            android:permission="android.permission.BIND_VPN_SERVICE" >
209-->src/main/AndroidManifest.xml:184:13-69
210            <intent-filter>
210-->src/main/AndroidManifest.xml:185:13-187:29
211                <action android:name="android.net.VpnService" />
211-->src/main/AndroidManifest.xml:186:17-65
211-->src/main/AndroidManifest.xml:186:25-62
212            </intent-filter>
213
214            <property
214-->src/main/AndroidManifest.xml:188:13-190:54
215                android:name="android.app.PROPERTY_SPECIAL_USE_FGS_SUBTYPE"
215-->src/main/AndroidManifest.xml:189:17-76
216                android:value="VpnService instance" />
216-->src/main/AndroidManifest.xml:190:17-52
217        </service>
218        <service
218-->src/main/AndroidManifest.xml:192:9-201:19
219            android:name="org.strongswan.android.ui.VpnTileService"
219-->src/main/AndroidManifest.xml:193:13-46
220            android:exported="true"
220-->src/main/AndroidManifest.xml:197:13-36
221            android:icon="@drawable/ic_notification"
221-->src/main/AndroidManifest.xml:195:13-53
222            android:label="@string/tile_default"
222-->src/main/AndroidManifest.xml:194:13-49
223            android:permission="android.permission.BIND_QUICK_SETTINGS_TILE" >
223-->src/main/AndroidManifest.xml:196:13-77
224            <intent-filter>
224-->src/main/AndroidManifest.xml:198:13-200:29
225                <action android:name="android.service.quicksettings.action.QS_TILE" />
225-->src/main/AndroidManifest.xml:199:17-87
225-->src/main/AndroidManifest.xml:199:25-84
226            </intent-filter>
227        </service>
228
229        <provider
229-->src/main/AndroidManifest.xml:203:9-210:20
230            android:name="org.strongswan.android.data.LogContentProvider"
230-->src/main/AndroidManifest.xml:204:13-52
231            android:authorities="org.strongswan.android.content.log"
231-->src/main/AndroidManifest.xml:205:13-69
232            android:exported="true" >
232-->src/main/AndroidManifest.xml:206:13-36
233
234            <!--
235                 android:grantUriPermissions="true" combined with a custom permission does
236                 not work (probably too many indirections with ACTION_SEND) so we secure
237                 this provider with a custom ticketing system
238            -->
239        </provider>
240        <provider
240-->[androidx.emoji2:emoji2:1.3.0] AndroidManifest.xml:24:9-32:20
241            android:name="androidx.startup.InitializationProvider"
241-->[androidx.emoji2:emoji2:1.3.0] AndroidManifest.xml:25:13-67
242            android:authorities="org.strongswan.android.androidx-startup"
242-->[androidx.emoji2:emoji2:1.3.0] AndroidManifest.xml:26:13-68
243            android:exported="false" >
243-->[androidx.emoji2:emoji2:1.3.0] AndroidManifest.xml:27:13-37
244            <meta-data
244-->[androidx.emoji2:emoji2:1.3.0] AndroidManifest.xml:29:13-31:52
245                android:name="androidx.emoji2.text.EmojiCompatInitializer"
245-->[androidx.emoji2:emoji2:1.3.0] AndroidManifest.xml:30:17-75
246                android:value="androidx.startup" />
246-->[androidx.emoji2:emoji2:1.3.0] AndroidManifest.xml:31:17-49
247            <meta-data
247-->[androidx.lifecycle:lifecycle-process:2.9.4] AndroidManifest.xml:29:13-31:52
248                android:name="androidx.lifecycle.ProcessLifecycleInitializer"
248-->[androidx.lifecycle:lifecycle-process:2.9.4] AndroidManifest.xml:30:17-78
249                android:value="androidx.startup" />
249-->[androidx.lifecycle:lifecycle-process:2.9.4] AndroidManifest.xml:31:17-49
250            <meta-data
250-->[androidx.profileinstaller:profileinstaller:1.4.0] AndroidManifest.xml:29:13-31:52
251                android:name="androidx.profileinstaller.ProfileInstallerInitializer"
251-->[androidx.profileinstaller:profileinstaller:1.4.0] AndroidManifest.xml:30:17-85
252                android:value="androidx.startup" />
252-->[androidx.profileinstaller:profileinstaller:1.4.0] AndroidManifest.xml:31:17-49
253        </provider>
254
255        <uses-library
255-->[androidx.window:window:1.0.0] AndroidManifest.xml:25:9-27:40
256            android:name="androidx.window.extensions"
256-->[androidx.window:window:1.0.0] AndroidManifest.xml:26:13-54
257            android:required="false" />
257-->[androidx.window:window:1.0.0] AndroidManifest.xml:27:13-37
258        <uses-library
258-->[androidx.window:window:1.0.0] AndroidManifest.xml:28:9-30:40
259            android:name="androidx.window.sidecar"
259-->[androidx.window:window:1.0.0] AndroidManifest.xml:29:13-51
260            android:required="false" />
260-->[androidx.window:window:1.0.0] AndroidManifest.xml:30:13-37
261
262        <receiver
262-->[androidx.profileinstaller:profileinstaller:1.4.0] AndroidManifest.xml:34:9-52:20
263            android:name="androidx.profileinstaller.ProfileInstallReceiver"
263-->[androidx.profileinstaller:profileinstaller:1.4.0] AndroidManifest.xml:35:13-76
264            android:directBootAware="false"
264-->[androidx.profileinstaller:profileinstaller:1.4.0] AndroidManifest.xml:36:13-44
265            android:enabled="true"
265-->[androidx.profileinstaller:profileinstaller:1.4.0] AndroidManifest.xml:37:13-35
266            android:exported="true"
266-->[androidx.profileinstaller:profileinstaller:1.4.0] AndroidManifest.xml:38:13-36
267            android:permission="android.permission.DUMP" >
267-->[androidx.profileinstaller:profileinstaller:1.4.0] AndroidManifest.xml:39:13-57
268            <intent-filter>
268-->[androidx.profileinstaller:profileinstaller:1.4.0] AndroidManifest.xml:40:13-42:29
269                <action android:name="androidx.profileinstaller.action.INSTALL_PROFILE" />
269-->[androidx.profileinstaller:profileinstaller:1.4.0] AndroidManifest.xml:41:17-91
269-->[androidx.profileinstaller:profileinstaller:1.4.0] AndroidManifest.xml:41:25-88
270            </intent-filter>
271            <intent-filter>
271-->[androidx.profileinstaller:profileinstaller:1.4.0] AndroidManifest.xml:43:13-45:29
272                <action android:name="androidx.profileinstaller.action.SKIP_FILE" />
272-->[androidx.profileinstaller:profileinstaller:1.4.0] AndroidManifest.xml:44:17-85
272-->[androidx.profileinstaller:profileinstaller:1.4.0] AndroidManifest.xml:44:25-82
273            </intent-filter>
274            <intent-filter>
274-->[androidx.profileinstaller:profileinstaller:1.4.0] AndroidManifest.xml:46:13-48:29
275                <action android:name="androidx.profileinstaller.action.SAVE_PROFILE" />
275-->[androidx.profileinstaller:profileinstaller:1.4.0] AndroidManifest.xml:47:17-88
275-->[androidx.profileinstaller:profileinstaller:1.4.0] AndroidManifest.xml:47:25-85
276            </intent-filter>
277            <intent-filter>
277-->[androidx.profileinstaller:profileinstaller:1.4.0] AndroidManifest.xml:49:13-51:29
278                <action android:name="androidx.profileinstaller.action.BENCHMARK_OPERATION" />
278-->[androidx.profileinstaller:profileinstaller:1.4.0] AndroidManifest.xml:50:17-95
278-->[androidx.profileinstaller:profileinstaller:1.4.0] AndroidManifest.xml:50:25-92
279            </intent-filter>
280        </receiver>
281    </application>
282
283</manifest>